2015-07-25 00:23:16.751 gandalf[21572:296894] DiskCookieStorage changing policy from 2 to 0, cookie file: file:///Users/hux/Library/Developer/CoreSimulator/Devices/D0550D4A-8809-4AFF-833A-4F5224D8C002/data/Containers/Data/Application/AAB8534C-ACA8-4B70-82AA-6B1D301586CF/Library/Cookies/Cookies.binarycookies
2015-07-25 00:23:16.967 gandalf[21572:296894] Apache Cordova native platform version 3.8.0 is starting.
2015-07-25 00:23:16.967 gandalf[21572:296894] Multi-tasking -> Device: YES, App: YES
2015-07-25 00:23:16.981 gandalf[21572:296894] Unlimited access to network resources
2015-07-25 00:23:16.990 gandalf[21572:296894] 

Started backup to iCloud! Please be careful.
Your application might be rejected by Apple if you store too much data.
For more information please read "iOS Data Storage Guidelines" at:
https://developer.apple.com/icloud/documentation/data-storage/
To disable web storage backup to iCloud, set the BackupWebStorage preference to "local" in the Cordova config.xml file

2015-07-25 00:23:17.600 gandalf[21572:296894] Resetting plugins due to page load.
2015-07-25 00:23:17.648 gandalf[21572:296894] Finished load of: file:///Users/hux/Library/Developer/CoreSimulator/Devices/D0550D4A-8809-4AFF-833A-4F5224D8C002/data/Containers/Bundle/Application/674D1922-2177-4CEB-8236-2EA9F337BF6A/gandalf.app/www/index.html
2015-07-25 00:27:56.040 gandalf[22432:301424] DiskCookieStorage changing policy from 2 to 0, cookie file: file:///Users/hux/Library/Developer/CoreSimulator/Devices/D0550D4A-8809-4AFF-833A-4F5224D8C002/data/Containers/Data/Application/6F646F15-6737-4B98-A605-6EB2C2A4F4CF/Library/Cookies/Cookies.binarycookies
2015-07-25 00:27:56.181 gandalf[22432:301424] Apache Cordova native platform version 3.8.0 is starting.
2015-07-25 00:27:56.183 gandalf[22432:301424] Multi-tasking -> Device: YES, App: YES
2015-07-25 00:27:56.186 gandalf[22432:301424] Unlimited access to network resources
2015-07-25 00:27:56.193 gandalf[22432:301424] 

Started backup to iCloud! Please be careful.
Your application might be rejected by Apple if you store too much data.
For more information please read "iOS Data Storage Guidelines" at:
https://developer.apple.com/icloud/documentation/data-storage/
To disable web storage backup to iCloud, set the BackupWebStorage preference to "local" in the Cordova config.xml file

2015-07-25 00:27:56.301 gandalf[22432:301424] [CDVTimer][statusbar] 18.705010ms
2015-07-25 00:27:56.302 gandalf[22432:301424] [CDVTimer][TotalPluginStartup] 18.935025ms
2015-07-25 00:27:56.389 gandalf[22432:301424] Resetting plugins due to page load.
2015-07-25 00:27:56.411 gandalf[22432:301424] Finished load of: file:///Users/hux/Library/Developer/CoreSimulator/Devices/D0550D4A-8809-4AFF-833A-4F5224D8C002/data/Containers/Bundle/Application/01EE6CCB-B9B3-45E1-B2EF-BAE4556EEF9D/gandalf.app/www/index.html
